# JRE version: 7.0_09-b05
# Java VM: Java HotSpot(TM) 64-Bit Server VM (23.5-b02 mixed mode bsd-amd64 compressed oops)
Heap
 PSYoungGen      total 886208K, used 12311K [0x00000007c0000000, 0x0000000800000000, 0x0000000800000000)
  eden space 716288K, 1% used [0x00000007c0000000,0x00000007c0c05df8,0x00000007ebb80000)
  from space 169920K, 0% used [0x00000007f5a10000,0x00000007f5a10000,0x0000000800000000)
  to   space 162368K, 0% used [0x00000007ebb80000,0x00000007ebb80000,0x00000007f5a10000)
 ParOldGen       total 2097152K, used 128426K [0x0000000740000000, 0x00000007c0000000, 0x00000007c0000000)
  object space 2097152K, 6% used [0x0000000740000000,0x0000000747d6a920,0x00000007c0000000)
 PSPermGen       total 83968K, used 83510K [0x000000073ae00000, 0x0000000740000000, 0x0000000740000000)
  object space 83968K, 99% used [0x000000073ae00000,0x000000073ff8dbb8,0x0000000740000000)
GC Heap History (10 events):
Event: 71.507 GC heap before
{Heap before GC invocations=34 (full 14):
 PSYoungGen      total 870656K, used 4454K [0x00000007c0000000, 0x0000000800000000, 0x0000000800000000)
  eden space 684864K, 0% used [0x00000007c0000000,0x00000007c0000000,0x00000007e9cd0000)
  from space 185792K, 2% used [0x00000007f4a90000,0x00000007f4ee98f8,0x0000000800000000)
  to   space 177920K, 0% used [0x00000007e9cd0000,0x00000007e9cd0000,0x00000007f4a90000)
 ParOldGen       total 2097152K, used 136296K [0x0000000740000000, 0x00000007c0000000, 0x00000007c0000000)
  object space 2097152K, 6% used [0x0000000740000000,0x000000074851a030,0x00000007c0000000)
 PSPermGen       total 83968K, used 83967K [0x000000073ae00000, 0x0000000740000000, 0x0000000740000000)
  object space 83968K, 99% used [0x000000073ae00000,0x000000073fffff38,0x0000000740000000)
Event: 71.718 GC heap after
Heap after GC invocations=34 (full 14):
 PSYoungGen      total 870656K, used 0K [0x00000007c0000000, 0x0000000800000000, 0x0000000800000000)
  eden space 684864K, 0% used [0x00000007c0000000,0x00000007c0000000,0x00000007e9cd0000)
  from space 185792K, 0% used [0x00000007f4a90000,0x00000007f4a90000,0x0000000800000000)
  to   space 177920K, 0% used [0x00000007e9cd0000,0x00000007e9cd0000,0x00000007f4a90000)
 ParOldGen       total 2097152K, used 139232K [0x0000000740000000, 0x00000007c0000000, 0x00000007c0000000)
  object space 2097152K, 6% used [0x0000000740000000,0x00000007487f8370,0x00000007c0000000)
 PSPermGen       total 83968K, used 81157K [0x000000073ae00000, 0x0000000740000000, 0x0000000740000000)
  object space 83968K, 96% used [0x000000073ae00000,0x000000073fd41670,0x0000000740000000)
}
Event: 72.238 GC heap before
{Heap before GC invocations=35 (full 14):
 PSYoungGen      total 870656K, used 26951K [0x00000007c0000000, 0x0000000800000000, 0x0000000800000000)
  eden space 684864K, 3% used [0x00000007c0000000,0x00000007c1a51e70,0x00000007e9cd0000)
  from space 185792K, 0% used [0x00000007f4a90000,0x00000007f4a90000,0x0000000800000000)
  to   space 177920K, 0% used [0x00000007e9cd0000,0x00000007e9cd0000,0x00000007f4a90000)
 ParOldGen       total 2097152K, used 139232K [0x0000000740000000, 0x00000007c0000000, 0x00000007c0000000)
  object space 2097152K, 6% used [0x0000000740000000,0x00000007487f8370,0x00000007c0000000)
 PSPermGen       total 83968K, used 83966K [0x000000073ae00000, 0x0000000740000000, 0x0000000740000000)
  object space 83968K, 99% used [0x000000073ae00000,0x000000073ffffb58,0x0000000740000000)
Event: 72.255 GC heap after
Heap after GC invocations=35 (full 14):
 PSYoungGen      total 862784K, used 3648K [0x00000007c0000000, 0x0000000800000000, 0x0000000800000000)
  eden space 684864K, 0% used [0x00000007c0000000,0x00000007c0000000,0x00000007e9cd0000)
  from space 177920K, 2% used [0x00000007e9cd0000,0x00000007ea0600c0,0x00000007f4a90000)
  to   space 169920K, 0% used [0x00000007f5a10000,0x00000007f5a10000,0x0000000800000000)
 ParOldGen       total 2097152K, used 139232K [0x0000000740000000, 0x00000007c0000000, 0x00000007c0000000)
  object space 2097152K, 6% used [0x0000000740000000,0x00000007487f8370,0x00000007c0000000)
 PSPermGen       total 83968K, used 83966K [0x000000073ae00000, 0x0000000740000000, 0x0000000740000000)
  object space 83968K, 99% used [0x000000073ae00000,0x000000073ffffb58,0x0000000740000000)
}
Event: 72.255 GC heap before
{Heap before GC invocations=36 (full 15):
 PSYoungGen      total 862784K, used 3648K [0x00000007c0000000, 0x0000000800000000, 0x0000000800000000)
  eden space 684864K, 0% used [0x00000007c0000000,0x00000007c0000000,0x00000007e9cd0000)
  from space 177920K, 2% used [0x00000007e9cd0000,0x00000007ea0600c0,0x00000007f4a90000)
  to   space 169920K, 0% used [0x00000007f5a10000,0x00000007f5a10000,0x0000000800000000)
 ParOldGen       total 2097152K, used 139232K [0x0000000740000000, 0x00000007c0000000, 0x00000007c0000000)
  object space 2097152K, 6% used [0x0000000740000000,0x00000007487f8370,0x00000007c0000000)
 PSPermGen       total 83968K, used 83966K [0x000000073ae00000, 0x0000000740000000, 0x0000000740000000)
  object space 83968K, 99% used [0x000000073ae00000,0x000000073ffffb58,0x0000000740000000)
Event: 72.456 GC heap after
Heap after GC invocations=36 (full 15):
 PSYoungGen      total 862784K, used 0K [0x00000007c0000000, 0x0000000800000000, 0x0000000800000000)
  eden space 684864K, 0% used [0x00000007c0000000,0x00000007c0000000,0x00000007e9cd0000)
  from space 177920K, 0% used [0x00000007e9cd0000,0x00000007e9cd0000,0x00000007f4a90000)
  to   space 169920K, 0% used [0x00000007f5a10000,0x00000007f5a10000,0x0000000800000000)
 ParOldGen       total 2097152K, used 140098K [0x0000000740000000, 0x00000007c0000000, 0x00000007c0000000)
  object space 2097152K, 6% used [0x0000000740000000,0x00000007488d0be0,0x00000007c0000000)
 PSPermGen       total 83968K, used 83561K [0x000000073ae00000, 0x0000000740000000, 0x0000000740000000)
  object space 83968K, 99% used [0x000000073ae00000,0x000000073ff9a528,0x0000000740000000)
}
Event: 73.164 GC heap before
{Heap before GC invocations=37 (full 15):
 PSYoungGen      total 862784K, used 11413K [0x00000007c0000000, 0x0000000800000000, 0x0000000800000000)
  eden space 684864K, 1% used [0x00000007c0000000,0x00000007c0b25520,0x00000007e9cd0000)
  from space 177920K, 0% used [0x00000007e9cd0000,0x00000007e9cd0000,0x00000007f4a90000)
  to   space 169920K, 0% used [0x00000007f5a10000,0x00000007f5a10000,0x0000000800000000)
 ParOldGen       total 2097152K, used 140098K [0x0000000740000000, 0x00000007c0000000, 0x00000007c0000000)
  object space 2097152K, 6% used [0x0000000740000000,0x00000007488d0be0,0x00000007c0000000)
 PSPermGen       total 83968K, used 83965K [0x000000073ae00000, 0x0000000740000000, 0x0000000740000000)
  object space 83968K, 99% used [0x000000073ae00000,0x000000073ffff770,0x0000000740000000)
Event: 73.173 GC heap after
Heap after GC invocations=37 (full 15):
 PSYoungGen      total 886208K, used 224K [0x00000007c0000000, 0x0000000800000000, 0x0000000800000000)
  eden space 716288K, 0% used [0x00000007c0000000,0x00000007c0000000,0x00000007ebb80000)
  from space 169920K, 0% used [0x00000007f5a10000,0x00000007f5a48000,0x0000000800000000)
  to   space 162368K, 0% used [0x00000007ebb80000,0x00000007ebb80000,0x00000007f5a10000)
 ParOldGen       total 2097152K, used 140098K [0x0000000740000000, 0x00000007c0000000, 0x00000007c0000000)
  object space 2097152K, 6% used [0x0000000740000000,0x00000007488d0be0,0x00000007c0000000)
 PSPermGen       total 83968K, used 83965K [0x000000073ae00000, 0x0000000740000000, 0x0000000740000000)
  object space 83968K, 99% used [0x000000073ae00000,0x000000073ffff770,0x0000000740000000)
}
Event: 73.173 GC heap before
{Heap before GC invocations=38 (full 16):
 PSYoungGen      total 886208K, used 224K [0x00000007c0000000, 0x0000000800000000, 0x0000000800000000)
  eden space 716288K, 0% used [0x00000007c0000000,0x00000007c0000000,0x00000007ebb80000)
  from space 169920K, 0% used [0x00000007f5a10000,0x00000007f5a48000,0x0000000800000000)
  to   space 162368K, 0% used [0x00000007ebb80000,0x00000007ebb80000,0x00000007f5a10000)
 ParOldGen       total 2097152K, used 140098K [0x0000000740000000, 0x00000007c0000000, 0x00000007c0000000)
  object space 2097152K, 6% used [0x0000000740000000,0x00000007488d0be0,0x00000007c0000000)
 PSPermGen       total 83968K, used 83965K [0x000000073ae00000, 0x0000000740000000, 0x0000000740000000)
  object space 83968K, 99% used [0x000000073ae00000,0x000000073ffff770,0x0000000740000000)
Event: 73.412 GC heap after
Heap after GC invocations=38 (full 16):
 PSYoungGen      total 886208K, used 0K [0x00000007c0000000, 0x0000000800000000, 0x0000000800000000)
  eden space 716288K, 0% used [0x00000007c0000000,0x00000007c0000000,0x00000007ebb80000)
  from space 169920K, 0% used [0x00000007f5a10000,0x00000007f5a10000,0x0000000800000000)
  to   space 162368K, 0% used [0x00000007ebb80000,0x00000007ebb80000,0x00000007f5a10000)
 ParOldGen       total 2097152K, used 128426K [0x0000000740000000, 0x00000007c0000000, 0x00000007c0000000)
  object space 2097152K, 6% used [0x0000000740000000,0x0000000747d6a920,0x00000007c0000000)
 PSPermGen       total 83968K, used 81441K [0x000000073ae00000, 0x0000000740000000, 0x0000000740000000)
  object space 83968K, 96% used [0x000000073ae00000,0x000000073fd88480,0x0000000740000000)
}

