# JRE version: 7.0_09-b05
# Java VM: Java HotSpot(TM) 64-Bit Server VM (23.5-b02 mixed mode bsd-amd64 compressed oops)
Heap
 PSYoungGen      total 305856K, used 269724K [0x00000007c0000000, 0x00000007d5550000, 0x0000000800000000)
  eden space 262208K, 97% used [0x00000007c0000000,0x00000007cf8e8c88,0x00000007d0010000)
  from space 43648K, 34% used [0x00000007d0010000,0x00000007d0e8e5b8,0x00000007d2ab0000)
  to   space 43648K, 0% used [0x00000007d2ab0000,0x00000007d2ab0000,0x00000007d5550000)
 ParOldGen       total 699072K, used 32K [0x0000000740000000, 0x000000076aab0000, 0x00000007c0000000)
  object space 699072K, 0% used [0x0000000740000000,0x0000000740008000,0x000000076aab0000)
 PSPermGen       total 21248K, used 19596K [0x000000073ae00000, 0x000000073c2c0000, 0x0000000740000000)
  object space 21248K, 92% used [0x000000073ae00000,0x000000073c123398,0x000000073c2c0000)
GC Heap History (6 events):
Event: 3.479 GC heap before
{Heap before GC invocations=1 (full 0):
 PSYoungGen      total 305856K, used 262208K [0x00000007c0000000, 0x00000007d5550000, 0x0000000800000000)
  eden space 262208K, 100% used [0x00000007c0000000,0x00000007d0010000,0x00000007d0010000)
  from space 43648K, 0% used [0x00000007d2ab0000,0x00000007d2ab0000,0x00000007d5550000)
  to   space 43648K, 0% used [0x00000007d0010000,0x00000007d0010000,0x00000007d2ab0000)
 ParOldGen       total 699072K, used 0K [0x0000000740000000, 0x000000076aab0000, 0x00000007c0000000)
  object space 699072K, 0% used [0x0000000740000000,0x0000000740000000,0x000000076aab0000)
 PSPermGen       total 21248K, used 13161K [0x000000073ae00000, 0x000000073c2c0000, 0x0000000740000000)
  object space 21248K, 61% used [0x000000073ae00000,0x000000073bada5a0,0x000000073c2c0000)
Event: 3.500 GC heap after
Heap after GC invocations=1 (full 0):
 PSYoungGen      total 305856K, used 12991K [0x00000007c0000000, 0x00000007d5550000, 0x0000000800000000)
  eden space 262208K, 0% used [0x00000007c0000000,0x00000007c0000000,0x00000007d0010000)
  from space 43648K, 29% used [0x00000007d0010000,0x00000007d0cbfee8,0x00000007d2ab0000)
  to   space 43648K, 0% used [0x00000007d2ab0000,0x00000007d2ab0000,0x00000007d5550000)
 ParOldGen       total 699072K, used 8K [0x0000000740000000, 0x000000076aab0000, 0x00000007c0000000)
  object space 699072K, 0% used [0x0000000740000000,0x0000000740002000,0x000000076aab0000)
 PSPermGen       total 21248K, used 13161K [0x000000073ae00000, 0x000000073c2c0000, 0x0000000740000000)
  object space 21248K, 61% used [0x000000073ae00000,0x000000073bada5a0,0x000000073c2c0000)
}
Event: 5.047 GC heap before
{Heap before GC invocations=2 (full 0):
 PSYoungGen      total 305856K, used 275199K [0x00000007c0000000, 0x00000007d5550000, 0x0000000800000000)
  eden space 262208K, 100% used [0x00000007c0000000,0x00000007d0010000,0x00000007d0010000)
  from space 43648K, 29% used [0x00000007d0010000,0x00000007d0cbfee8,0x00000007d2ab0000)
  to   space 43648K, 0% used [0x00000007d2ab0000,0x00000007d2ab0000,0x00000007d5550000)
 ParOldGen       total 699072K, used 8K [0x0000000740000000, 0x000000076aab0000, 0x00000007c0000000)
  object space 699072K, 0% used [0x0000000740000000,0x0000000740002000,0x000000076aab0000)
 PSPermGen       total 21248K, used 16208K [0x000000073ae00000, 0x000000073c2c0000, 0x0000000740000000)
  object space 21248K, 76% used [0x000000073ae00000,0x000000073bdd4360,0x000000073c2c0000)
Event: 5.064 GC heap after
Heap after GC invocations=2 (full 0):
 PSYoungGen      total 305856K, used 12621K [0x00000007c0000000, 0x00000007d5550000, 0x0000000800000000)
  eden space 262208K, 0% used [0x00000007c0000000,0x00000007c0000000,0x00000007d0010000)
  from space 43648K, 28% used [0x00000007d2ab0000,0x00000007d3703618,0x00000007d5550000)
  to   space 43648K, 0% used [0x00000007d0010000,0x00000007d0010000,0x00000007d2ab0000)
 ParOldGen       total 699072K, used 16K [0x0000000740000000, 0x000000076aab0000, 0x00000007c0000000)
  object space 699072K, 0% used [0x0000000740000000,0x0000000740004000,0x000000076aab0000)
 PSPermGen       total 21248K, used 16208K [0x000000073ae00000, 0x000000073c2c0000, 0x0000000740000000)
  object space 21248K, 76% used [0x000000073ae00000,0x000000073bdd4360,0x000000073c2c0000)
}
Event: 7.598 GC heap before
{Heap before GC invocations=3 (full 0):
 PSYoungGen      total 305856K, used 274829K [0x00000007c0000000, 0x00000007d5550000, 0x0000000800000000)
  eden space 262208K, 100% used [0x00000007c0000000,0x00000007d0010000,0x00000007d0010000)
  from space 43648K, 28% used [0x00000007d2ab0000,0x00000007d3703618,0x00000007d5550000)
  to   space 43648K, 0% used [0x00000007d0010000,0x00000007d0010000,0x00000007d2ab0000)
 ParOldGen       total 699072K, used 16K [0x0000000740000000, 0x000000076aab0000, 0x00000007c0000000)
  object space 699072K, 0% used [0x0000000740000000,0x0000000740004000,0x000000076aab0000)
 PSPermGen       total 21248K, used 19091K [0x000000073ae00000, 0x000000073c2c0000, 0x0000000740000000)
  object space 21248K, 89% used [0x000000073ae00000,0x000000073c0a4d78,0x000000073c2c0000)
Event: 7.615 GC heap after
Heap after GC invocations=3 (full 0):
 PSYoungGen      total 305856K, used 14841K [0x00000007c0000000, 0x00000007d5550000, 0x0000000800000000)
  eden space 262208K, 0% used [0x00000007c0000000,0x00000007c0000000,0x00000007d0010000)
  from space 43648K, 34% used [0x00000007d0010000,0x00000007d0e8e5b8,0x00000007d2ab0000)
  to   space 43648K, 0% used [0x00000007d2ab0000,0x00000007d2ab0000,0x00000007d5550000)
 ParOldGen       total 699072K, used 32K [0x0000000740000000, 0x000000076aab0000, 0x00000007c0000000)
  object space 699072K, 0% used [0x0000000740000000,0x0000000740008000,0x000000076aab0000)
 PSPermGen       total 21248K, used 19091K [0x000000073ae00000, 0x000000073c2c0000, 0x0000000740000000)
  object space 21248K, 89% used [0x000000073ae00000,0x000000073c0a4d78,0x000000073c2c0000)
}

