# JRE version: 7.0_09-b05
# Java VM: Java HotSpot(TM) 64-Bit Server VM (23.5-b02 mixed mode bsd-amd64 compressed oops)
Heap
 PSYoungGen      total 305856K, used 271353K [0x00000007c0000000, 0x00000007d5550000, 0x0000000800000000)
  eden space 262208K, 97% used [0x00000007c0000000,0x00000007cfab54c8,0x00000007d0010000)
  from space 43648K, 33% used [0x00000007d0010000,0x00000007d0e590b8,0x00000007d2ab0000)
  to   space 43648K, 0% used [0x00000007d2ab0000,0x00000007d2ab0000,0x00000007d5550000)
 ParOldGen       total 699072K, used 191K [0x0000000740000000, 0x000000076aab0000, 0x00000007c0000000)
  object space 699072K, 0% used [0x0000000740000000,0x000000074002ff00,0x000000076aab0000)
 PSPermGen       total 21248K, used 19594K [0x000000073ae00000, 0x000000073c2c0000, 0x0000000740000000)
  object space 21248K, 92% used [0x000000073ae00000,0x000000073c122858,0x000000073c2c0000)
GC Heap History (6 events):
Event: 3.443 GC heap before
{Heap before GC invocations=1 (full 0):
 PSYoungGen      total 305856K, used 262208K [0x00000007c0000000, 0x00000007d5550000, 0x0000000800000000)
  eden space 262208K, 100% used [0x00000007c0000000,0x00000007d0010000,0x00000007d0010000)
  from space 43648K, 0% used [0x00000007d2ab0000,0x00000007d2ab0000,0x00000007d5550000)
  to   space 43648K, 0% used [0x00000007d0010000,0x00000007d0010000,0x00000007d2ab0000)
 ParOldGen       total 699072K, used 0K [0x0000000740000000, 0x000000076aab0000, 0x00000007c0000000)
  object space 699072K, 0% used [0x0000000740000000,0x0000000740000000,0x000000076aab0000)
 PSPermGen       total 21248K, used 13161K [0x000000073ae00000, 0x000000073c2c0000, 0x0000000740000000)
  object space 21248K, 61% used [0x000000073ae00000,0x000000073bada5e0,0x000000073c2c0000)
Event: 3.464 GC heap after
Heap after GC invocations=1 (full 0):
 PSYoungGen      total 305856K, used 13023K [0x00000007c0000000, 0x00000007d5550000, 0x0000000800000000)
  eden space 262208K, 0% used [0x00000007c0000000,0x00000007c0000000,0x00000007d0010000)
  from space 43648K, 29% used [0x00000007d0010000,0x00000007d0cc7d60,0x00000007d2ab0000)
  to   space 43648K, 0% used [0x00000007d2ab0000,0x00000007d2ab0000,0x00000007d5550000)
 ParOldGen       total 699072K, used 8K [0x0000000740000000, 0x000000076aab0000, 0x00000007c0000000)
  object space 699072K, 0% used [0x0000000740000000,0x0000000740002000,0x000000076aab0000)
 PSPermGen       total 21248K, used 13161K [0x000000073ae00000, 0x000000073c2c0000, 0x0000000740000000)
  object space 21248K, 61% used [0x000000073ae00000,0x000000073bada5e0,0x000000073c2c0000)
}
Event: 5.089 GC heap before
{Heap before GC invocations=2 (full 0):
 PSYoungGen      total 305856K, used 275231K [0x00000007c0000000, 0x00000007d5550000, 0x0000000800000000)
  eden space 262208K, 100% used [0x00000007c0000000,0x00000007d0010000,0x00000007d0010000)
  from space 43648K, 29% used [0x00000007d0010000,0x00000007d0cc7d60,0x00000007d2ab0000)
  to   space 43648K, 0% used [0x00000007d2ab0000,0x00000007d2ab0000,0x00000007d5550000)
 ParOldGen       total 699072K, used 8K [0x0000000740000000, 0x000000076aab0000, 0x00000007c0000000)
  object space 699072K, 0% used [0x0000000740000000,0x0000000740002000,0x000000076aab0000)
 PSPermGen       total 21248K, used 16205K [0x000000073ae00000, 0x000000073c2c0000, 0x0000000740000000)
  object space 21248K, 76% used [0x000000073ae00000,0x000000073bdd3780,0x000000073c2c0000)
Event: 5.106 GC heap after
Heap after GC invocations=2 (full 0):
 PSYoungGen      total 305856K, used 11373K [0x00000007c0000000, 0x00000007d5550000, 0x0000000800000000)
  eden space 262208K, 0% used [0x00000007c0000000,0x00000007c0000000,0x00000007d0010000)
  from space 43648K, 26% used [0x00000007d2ab0000,0x00000007d35cb5b0,0x00000007d5550000)
  to   space 43648K, 0% used [0x00000007d0010000,0x00000007d0010000,0x00000007d2ab0000)
 ParOldGen       total 699072K, used 16K [0x0000000740000000, 0x000000076aab0000, 0x00000007c0000000)
  object space 699072K, 0% used [0x0000000740000000,0x0000000740004000,0x000000076aab0000)
 PSPermGen       total 21248K, used 16205K [0x000000073ae00000, 0x000000073c2c0000, 0x0000000740000000)
  object space 21248K, 76% used [0x000000073ae00000,0x000000073bdd3780,0x000000073c2c0000)
}
Event: 7.561 GC heap before
{Heap before GC invocations=3 (full 0):
 PSYoungGen      total 305856K, used 273581K [0x00000007c0000000, 0x00000007d5550000, 0x0000000800000000)
  eden space 262208K, 100% used [0x00000007c0000000,0x00000007d0010000,0x00000007d0010000)
  from space 43648K, 26% used [0x00000007d2ab0000,0x00000007d35cb5b0,0x00000007d5550000)
  to   space 43648K, 0% used [0x00000007d0010000,0x00000007d0010000,0x00000007d2ab0000)
 ParOldGen       total 699072K, used 16K [0x0000000740000000, 0x000000076aab0000, 0x00000007c0000000)
  object space 699072K, 0% used [0x0000000740000000,0x0000000740004000,0x000000076aab0000)
 PSPermGen       total 21248K, used 19088K [0x000000073ae00000, 0x000000073c2c0000, 0x0000000740000000)
  object space 21248K, 89% used [0x000000073ae00000,0x000000073c0a43c0,0x000000073c2c0000)
Event: 7.579 GC heap after
Heap after GC invocations=3 (full 0):
 PSYoungGen      total 305856K, used 14628K [0x00000007c0000000, 0x00000007d5550000, 0x0000000800000000)
  eden space 262208K, 0% used [0x00000007c0000000,0x00000007c0000000,0x00000007d0010000)
  from space 43648K, 33% used [0x00000007d0010000,0x00000007d0e590b8,0x00000007d2ab0000)
  to   space 43648K, 0% used [0x00000007d2ab0000,0x00000007d2ab0000,0x00000007d5550000)
 ParOldGen       total 699072K, used 191K [0x0000000740000000, 0x000000076aab0000, 0x00000007c0000000)
  object space 699072K, 0% used [0x0000000740000000,0x000000074002ff00,0x000000076aab0000)
 PSPermGen       total 21248K, used 19088K [0x000000073ae00000, 0x000000073c2c0000, 0x0000000740000000)
  object space 21248K, 89% used [0x000000073ae00000,0x000000073c0a43c0,0x000000073c2c0000)
}

