# JRE version: 7.0_09-b05
# Java VM: Java HotSpot(TM) 64-Bit Server VM (23.5-b02 mixed mode bsd-amd64 compressed oops)
Heap
 PSYoungGen      total 917504K, used 88103K [0x00000007c0000000, 0x0000000800000000, 0x0000000800000000)
  eden space 786432K, 11% used [0x00000007c0000000,0x00000007c5609ef8,0x00000007f0000000)
  from space 131072K, 0% used [0x00000007f8000000,0x00000007f8000000,0x0000000800000000)
  to   space 131072K, 0% used [0x00000007f0000000,0x00000007f0000000,0x00000007f8000000)
 ParOldGen       total 2097152K, used 508628K [0x0000000740000000, 0x00000007c0000000, 0x00000007c0000000)
  object space 2097152K, 24% used [0x0000000740000000,0x000000075f0b5110,0x00000007c0000000)
 PSPermGen       total 83968K, used 83968K [0x000000073ae00000, 0x0000000740000000, 0x0000000740000000)
  object space 83968K, 100% used [0x000000073ae00000,0x0000000740000000,0x0000000740000000)
GC Heap History (10 events):
Event: 449.975 GC heap before
{Heap before GC invocations=214 (full 106):
 PSYoungGen      total 917504K, used 218986K [0x00000007c0000000, 0x0000000800000000, 0x0000000800000000)
  eden space 786432K, 27% used [0x00000007c0000000,0x00000007cd5dab78,0x00000007f0000000)
  from space 131072K, 0% used [0x00000007f0000000,0x00000007f0000000,0x00000007f8000000)
  to   space 131072K, 0% used [0x00000007f8000000,0x00000007f8000000,0x0000000800000000)
 ParOldGen       total 2097152K, used 456267K [0x0000000740000000, 0x00000007c0000000, 0x00000007c0000000)
  object space 2097152K, 21% used [0x0000000740000000,0x000000075bd92cd0,0x00000007c0000000)
 PSPermGen       total 54080K, used 52814K [0x000000073ae00000, 0x000000073e2d0000, 0x0000000740000000)
  object space 54080K, 97% used [0x000000073ae00000,0x000000073e193a60,0x000000073e2d0000)
Event: 449.983 GC heap after
Heap after GC invocations=214 (full 106):
 PSYoungGen      total 917504K, used 3392K [0x00000007c0000000, 0x0000000800000000, 0x0000000800000000)
  eden space 786432K, 0% used [0x00000007c0000000,0x00000007c0000000,0x00000007f0000000)
  from space 131072K, 2% used [0x00000007f8000000,0x00000007f8350030,0x0000000800000000)
  to   space 131072K, 0% used [0x00000007f0000000,0x00000007f0000000,0x00000007f8000000)
 ParOldGen       total 2097152K, used 456267K [0x0000000740000000, 0x00000007c0000000, 0x00000007c0000000)
  object space 2097152K, 21% used [0x0000000740000000,0x000000075bd92cd0,0x00000007c0000000)
 PSPermGen       total 54080K, used 52814K [0x000000073ae00000, 0x000000073e2d0000, 0x0000000740000000)
  object space 54080K, 97% used [0x000000073ae00000,0x000000073e193a60,0x000000073e2d0000)
}
Event: 449.983 GC heap before
{Heap before GC invocations=215 (full 107):
 PSYoungGen      total 917504K, used 3392K [0x00000007c0000000, 0x0000000800000000, 0x0000000800000000)
  eden space 786432K, 0% used [0x00000007c0000000,0x00000007c0000000,0x00000007f0000000)
  from space 131072K, 2% used [0x00000007f8000000,0x00000007f8350030,0x0000000800000000)
  to   space 131072K, 0% used [0x00000007f0000000,0x00000007f0000000,0x00000007f8000000)
 ParOldGen       total 2097152K, used 456267K [0x0000000740000000, 0x00000007c0000000, 0x00000007c0000000)
  object space 2097152K, 21% used [0x0000000740000000,0x000000075bd92cd0,0x00000007c0000000)
 PSPermGen       total 54080K, used 52814K [0x000000073ae00000, 0x000000073e2d0000, 0x0000000740000000)
  object space 54080K, 97% used [0x000000073ae00000,0x000000073e193a60,0x000000073e2d0000)
Event: 450.300 GC heap after
Heap after GC invocations=215 (full 107):
 PSYoungGen      total 917504K, used 0K [0x00000007c0000000, 0x0000000800000000, 0x0000000800000000)
  eden space 786432K, 0% used [0x00000007c0000000,0x00000007c0000000,0x00000007f0000000)
  from space 131072K, 0% used [0x00000007f8000000,0x00000007f8000000,0x0000000800000000)
  to   space 131072K, 0% used [0x00000007f0000000,0x00000007f0000000,0x00000007f8000000)
 ParOldGen       total 2097152K, used 455436K [0x0000000740000000, 0x00000007c0000000, 0x00000007c0000000)
  object space 2097152K, 21% used [0x0000000740000000,0x000000075bcc31a0,0x00000007c0000000)
 PSPermGen       total 55744K, used 52559K [0x000000073ae00000, 0x000000073e470000, 0x0000000740000000)
  object space 55744K, 94% used [0x000000073ae00000,0x000000073e153f90,0x000000073e470000)
}
Event: 531.231 GC heap before
{Heap before GC invocations=216 (full 107):
 PSYoungGen      total 917504K, used 786432K [0x00000007c0000000, 0x0000000800000000, 0x0000000800000000)
  eden space 786432K, 100% used [0x00000007c0000000,0x00000007f0000000,0x00000007f0000000)
  from space 131072K, 0% used [0x00000007f8000000,0x00000007f8000000,0x0000000800000000)
  to   space 131072K, 0% used [0x00000007f0000000,0x00000007f0000000,0x00000007f8000000)
 ParOldGen       total 2097152K, used 455436K [0x0000000740000000, 0x00000007c0000000, 0x00000007c0000000)
  object space 2097152K, 21% used [0x0000000740000000,0x000000075bcc31a0,0x00000007c0000000)
 PSPermGen       total 62272K, used 62131K [0x000000073ae00000, 0x000000073ead0000, 0x0000000740000000)
  object space 62272K, 99% used [0x000000073ae00000,0x000000073eaacd78,0x000000073ead0000)
Event: 533.402 GC heap after
Heap after GC invocations=216 (full 107):
 PSYoungGen      total 917504K, used 102573K [0x00000007c0000000, 0x0000000800000000, 0x0000000800000000)
  eden space 786432K, 0% used [0x00000007c0000000,0x00000007c0000000,0x00000007f0000000)
  from space 131072K, 78% used [0x00000007f0000000,0x00000007f642b5a0,0x00000007f8000000)
  to   space 131072K, 0% used [0x00000007f8000000,0x00000007f8000000,0x0000000800000000)
 ParOldGen       total 2097152K, used 455436K [0x0000000740000000, 0x00000007c0000000, 0x00000007c0000000)
  object space 2097152K, 21% used [0x0000000740000000,0x000000075bcc31a0,0x00000007c0000000)
 PSPermGen       total 62272K, used 62131K [0x000000073ae00000, 0x000000073ead0000, 0x0000000740000000)
  object space 62272K, 99% used [0x000000073ae00000,0x000000073eaacd78,0x000000073ead0000)
}
Event: 548.807 GC heap before
{Heap before GC invocations=217 (full 107):
 PSYoungGen      total 917504K, used 191393K [0x00000007c0000000, 0x0000000800000000, 0x0000000800000000)
  eden space 786432K, 11% used [0x00000007c0000000,0x00000007c56bd178,0x00000007f0000000)
  from space 131072K, 78% used [0x00000007f0000000,0x00000007f642b5a0,0x00000007f8000000)
  to   space 131072K, 0% used [0x00000007f8000000,0x00000007f8000000,0x0000000800000000)
 ParOldGen       total 2097152K, used 455436K [0x0000000740000000, 0x00000007c0000000, 0x00000007c0000000)
  object space 2097152K, 21% used [0x0000000740000000,0x000000075bcc31a0,0x00000007c0000000)
 PSPermGen       total 83968K, used 83936K [0x000000073ae00000, 0x0000000740000000, 0x0000000740000000)
  object space 83968K, 99% used [0x000000073ae00000,0x000000073fff80e0,0x0000000740000000)
Event: 549.591 GC heap after
Heap after GC invocations=217 (full 107):
 PSYoungGen      total 917504K, used 56068K [0x00000007c0000000, 0x0000000800000000, 0x0000000800000000)
  eden space 786432K, 0% used [0x00000007c0000000,0x00000007c0000000,0x00000007f0000000)
  from space 131072K, 42% used [0x00000007f8000000,0x00000007fb6c12b8,0x0000000800000000)
  to   space 131072K, 0% used [0x00000007f0000000,0x00000007f0000000,0x00000007f8000000)
 ParOldGen       total 2097152K, used 455436K [0x0000000740000000, 0x00000007c0000000, 0x00000007c0000000)
  object space 2097152K, 21% used [0x0000000740000000,0x000000075bcc31a0,0x00000007c0000000)
 PSPermGen       total 83968K, used 83936K [0x000000073ae00000, 0x0000000740000000, 0x0000000740000000)
  object space 83968K, 99% used [0x000000073ae00000,0x000000073fff80e0,0x0000000740000000)
}
Event: 549.591 GC heap before
{Heap before GC invocations=218 (full 108):
 PSYoungGen      total 917504K, used 56068K [0x00000007c0000000, 0x0000000800000000, 0x0000000800000000)
  eden space 786432K, 0% used [0x00000007c0000000,0x00000007c0000000,0x00000007f0000000)
  from space 131072K, 42% used [0x00000007f8000000,0x00000007fb6c12b8,0x0000000800000000)
  to   space 131072K, 0% used [0x00000007f0000000,0x00000007f0000000,0x00000007f8000000)
 ParOldGen       total 2097152K, used 455436K [0x0000000740000000, 0x00000007c0000000, 0x00000007c0000000)
  object space 2097152K, 21% used [0x0000000740000000,0x000000075bcc31a0,0x00000007c0000000)
 PSPermGen       total 83968K, used 83936K [0x000000073ae00000, 0x0000000740000000, 0x0000000740000000)
  object space 83968K, 99% used [0x000000073ae00000,0x000000073fff80e0,0x0000000740000000)
Event: 551.346 GC heap after
Heap after GC invocations=218 (full 108):
 PSYoungGen      total 917504K, used 0K [0x00000007c0000000, 0x0000000800000000, 0x0000000800000000)
  eden space 786432K, 0% used [0x00000007c0000000,0x00000007c0000000,0x00000007f0000000)
  from space 131072K, 0% used [0x00000007f8000000,0x00000007f8000000,0x0000000800000000)
  to   space 131072K, 0% used [0x00000007f0000000,0x00000007f0000000,0x00000007f8000000)
 ParOldGen       total 2097152K, used 508628K [0x0000000740000000, 0x00000007c0000000, 0x00000007c0000000)
  object space 2097152K, 24% used [0x0000000740000000,0x000000075f0b5110,0x00000007c0000000)
 PSPermGen       total 83968K, used 63876K [0x000000073ae00000, 0x0000000740000000, 0x0000000740000000)
  object space 83968K, 76% used [0x000000073ae00000,0x000000073ec610d8,0x0000000740000000)
}

