# JRE version: 7.0_09-b05
# Java VM: Java HotSpot(TM) 64-Bit Server VM (23.5-b02 mixed mode bsd-amd64 compressed oops)
Heap
 PSYoungGen      total 917504K, used 255723K [0x00000007c0000000, 0x0000000800000000, 0x0000000800000000)
  eden space 786432K, 17% used [0x00000007c0000000,0x00000007c8403240,0x00000007f0000000)
  from space 131072K, 91% used [0x00000007f8000000,0x00000007ff5b79e0,0x0000000800000000)
  to   space 131072K, 0% used [0x00000007f0000000,0x00000007f0000000,0x00000007f8000000)
 ParOldGen       total 2097152K, used 191K [0x0000000740000000, 0x00000007c0000000, 0x00000007c0000000)
  object space 2097152K, 0% used [0x0000000740000000,0x000000074002ff00,0x00000007c0000000)
 PSPermGen       total 80192K, used 80048K [0x000000073ae00000, 0x000000073fc50000, 0x0000000740000000)
  object space 80192K, 99% used [0x000000073ae00000,0x000000073fc2c080,0x000000073fc50000)
GC Heap History (4 events):
Event: 22.020 GC heap before
{Heap before GC invocations=1 (full 0):
 PSYoungGen      total 917504K, used 786432K [0x00000007c0000000, 0x0000000800000000, 0x0000000800000000)
  eden space 786432K, 100% used [0x00000007c0000000,0x00000007f0000000,0x00000007f0000000)
  from space 131072K, 0% used [0x00000007f8000000,0x00000007f8000000,0x0000000800000000)
  to   space 131072K, 0% used [0x00000007f0000000,0x00000007f0000000,0x00000007f8000000)
 ParOldGen       total 2097152K, used 0K [0x0000000740000000, 0x00000007c0000000, 0x00000007c0000000)
  object space 2097152K, 0% used [0x0000000740000000,0x0000000740000000,0x00000007c0000000)
 PSPermGen       total 28160K, used 28077K [0x000000073ae00000, 0x000000073c980000, 0x0000000740000000)
  object space 28160K, 99% used [0x000000073ae00000,0x000000073c96b6a8,0x000000073c980000)
Event: 22.064 GC heap after
Heap after GC invocations=1 (full 0):
 PSYoungGen      total 917504K, used 28780K [0x00000007c0000000, 0x0000000800000000, 0x0000000800000000)
  eden space 786432K, 0% used [0x00000007c0000000,0x00000007c0000000,0x00000007f0000000)
  from space 131072K, 21% used [0x00000007f0000000,0x00000007f1c1b310,0x00000007f8000000)
  to   space 131072K, 0% used [0x00000007f8000000,0x00000007f8000000,0x0000000800000000)
 ParOldGen       total 2097152K, used 183K [0x0000000740000000, 0x00000007c0000000, 0x00000007c0000000)
  object space 2097152K, 0% used [0x0000000740000000,0x000000074002df00,0x00000007c0000000)
 PSPermGen       total 28160K, used 28077K [0x000000073ae00000, 0x000000073c980000, 0x0000000740000000)
  object space 28160K, 99% used [0x000000073ae00000,0x000000073c96b6a8,0x000000073c980000)
}
Event: 34.929 GC heap before
{Heap before GC invocations=2 (full 0):
 PSYoungGen      total 917504K, used 815212K [0x00000007c0000000, 0x0000000800000000, 0x0000000800000000)
  eden space 786432K, 100% used [0x00000007c0000000,0x00000007f0000000,0x00000007f0000000)
  from space 131072K, 21% used [0x00000007f0000000,0x00000007f1c1b310,0x00000007f8000000)
  to   space 131072K, 0% used [0x00000007f8000000,0x00000007f8000000,0x0000000800000000)
 ParOldGen       total 2097152K, used 183K [0x0000000740000000, 0x00000007c0000000, 0x00000007c0000000)
  object space 2097152K, 0% used [0x0000000740000000,0x000000074002df00,0x00000007c0000000)
 PSPermGen       total 39488K, used 39313K [0x000000073ae00000, 0x000000073d490000, 0x0000000740000000)
  object space 39488K, 99% used [0x000000073ae00000,0x000000073d464558,0x000000073d490000)
Event: 35.221 GC heap after
Heap after GC invocations=2 (full 0):
 PSYoungGen      total 917504K, used 120542K [0x00000007c0000000, 0x0000000800000000, 0x0000000800000000)
  eden space 786432K, 0% used [0x00000007c0000000,0x00000007c0000000,0x00000007f0000000)
  from space 131072K, 91% used [0x00000007f8000000,0x00000007ff5b79e0,0x0000000800000000)
  to   space 131072K, 0% used [0x00000007f0000000,0x00000007f0000000,0x00000007f8000000)
 ParOldGen       total 2097152K, used 191K [0x0000000740000000, 0x00000007c0000000, 0x00000007c0000000)
  object space 2097152K, 0% used [0x0000000740000000,0x000000074002ff00,0x00000007c0000000)
 PSPermGen       total 39488K, used 39313K [0x000000073ae00000, 0x000000073d490000, 0x0000000740000000)
  object space 39488K, 99% used [0x000000073ae00000,0x000000073d464558,0x000000073d490000)
}

