# JRE version: 7.0_09-b05
# Java VM: Java HotSpot(TM) 64-Bit Server VM (23.5-b02 mixed mode bsd-amd64 compressed oops)
Heap
 PSYoungGen      total 433280K, used 211419K [0x00000007d5560000, 0x0000000800000000, 0x0000000800000000)
  eden space 258816K, 81% used [0x00000007d5560000,0x00000007e23d6c30,0x00000007e5220000)
  from space 174464K, 0% used [0x00000007f55a0000,0x00000007f55a0000,0x0000000800000000)
  to   space 220096K, 0% used [0x00000007e5220000,0x00000007e5220000,0x00000007f2910000)
 ParOldGen       total 1398144K, used 1398141K [0x0000000780000000, 0x00000007d5560000, 0x00000007d5560000)
  object space 1398144K, 99% used [0x0000000780000000,0x00000007d555f720,0x00000007d5560000)
 PSPermGen       total 41792K, used 38614K [0x000000077ae00000, 0x000000077d6d0000, 0x0000000780000000)
  object space 41792K, 92% used [0x000000077ae00000,0x000000077d3b5960,0x000000077d6d0000)
GC Heap History (10 events):
Event: 1574.444 GC heap before
{Heap before GC invocations=657 (full 545):
 PSYoungGen      total 433280K, used 258816K [0x00000007d5560000, 0x0000000800000000, 0x0000000800000000)
  eden space 258816K, 100% used [0x00000007d5560000,0x00000007e5220000,0x00000007e5220000)
  from space 174464K, 0% used [0x00000007f55a0000,0x00000007f55a0000,0x0000000800000000)
  to   space 220096K, 0% used [0x00000007e5220000,0x00000007e5220000,0x00000007f2910000)
 ParOldGen       total 1398144K, used 1398026K [0x0000000780000000, 0x00000007d5560000, 0x00000007d5560000)
  object space 1398144K, 99% used [0x0000000780000000,0x00000007d5542830,0x00000007d5560000)
 PSPermGen       total 42176K, used 38027K [0x000000077ae00000, 0x000000077d730000, 0x0000000780000000)
  object space 42176K, 90% used [0x000000077ae00000,0x000000077d322e68,0x000000077d730000)
Event: 1576.145 GC heap after
Heap after GC invocations=657 (full 545):
 PSYoungGen      total 433280K, used 201064K [0x00000007d5560000, 0x0000000800000000, 0x0000000800000000)
  eden space 258816K, 77% used [0x00000007d5560000,0x00000007e19ba348,0x00000007e5220000)
  from space 174464K, 0% used [0x00000007f55a0000,0x00000007f55a0000,0x0000000800000000)
  to   space 220096K, 0% used [0x00000007e5220000,0x00000007e5220000,0x00000007f2910000)
 ParOldGen       total 1398144K, used 1398125K [0x0000000780000000, 0x00000007d5560000, 0x00000007d5560000)
  object space 1398144K, 99% used [0x0000000780000000,0x00000007d555b590,0x00000007d5560000)
 PSPermGen       total 42176K, used 38027K [0x000000077ae00000, 0x000000077d730000, 0x0000000780000000)
  object space 42176K, 90% used [0x000000077ae00000,0x000000077d322e68,0x000000077d730000)
}
Event: 1576.231 GC heap before
{Heap before GC invocations=658 (full 546):
 PSYoungGen      total 433280K, used 258816K [0x00000007d5560000, 0x0000000800000000, 0x0000000800000000)
  eden space 258816K, 100% used [0x00000007d5560000,0x00000007e5220000,0x00000007e5220000)
  from space 174464K, 0% used [0x00000007f55a0000,0x00000007f55a0000,0x0000000800000000)
  to   space 220096K, 0% used [0x00000007e5220000,0x00000007e5220000,0x00000007f2910000)
 ParOldGen       total 1398144K, used 1398125K [0x0000000780000000, 0x00000007d5560000, 0x00000007d5560000)
  object space 1398144K, 99% used [0x0000000780000000,0x00000007d555b590,0x00000007d5560000)
 PSPermGen       total 42176K, used 38028K [0x000000077ae00000, 0x000000077d730000, 0x0000000780000000)
  object space 42176K, 90% used [0x000000077ae00000,0x000000077d3232c0,0x000000077d730000)
Event: 1577.676 GC heap after
Heap after GC invocations=658 (full 546):
 PSYoungGen      total 433280K, used 206378K [0x00000007d5560000, 0x0000000800000000, 0x0000000800000000)
  eden space 258816K, 79% used [0x00000007d5560000,0x00000007e1eeab28,0x00000007e5220000)
  from space 174464K, 0% used [0x00000007f55a0000,0x00000007f55a0000,0x0000000800000000)
  to   space 220096K, 0% used [0x00000007e5220000,0x00000007e5220000,0x00000007f2910000)
 ParOldGen       total 1398144K, used 1398125K [0x0000000780000000, 0x00000007d5560000, 0x00000007d5560000)
  object space 1398144K, 99% used [0x0000000780000000,0x00000007d555b590,0x00000007d5560000)
 PSPermGen       total 41984K, used 38028K [0x000000077ae00000, 0x000000077d700000, 0x0000000780000000)
  object space 41984K, 90% used [0x000000077ae00000,0x000000077d3232c0,0x000000077d700000)
}
Event: 1578.126 GC heap before
{Heap before GC invocations=659 (full 547):
 PSYoungGen      total 433280K, used 258816K [0x00000007d5560000, 0x0000000800000000, 0x0000000800000000)
  eden space 258816K, 100% used [0x00000007d5560000,0x00000007e5220000,0x00000007e5220000)
  from space 174464K, 0% used [0x00000007f55a0000,0x00000007f55a0000,0x0000000800000000)
  to   space 220096K, 0% used [0x00000007e5220000,0x00000007e5220000,0x00000007f2910000)
 ParOldGen       total 1398144K, used 1398125K [0x0000000780000000, 0x00000007d5560000, 0x00000007d5560000)
  object space 1398144K, 99% used [0x0000000780000000,0x00000007d555b590,0x00000007d5560000)
 PSPermGen       total 41984K, used 38028K [0x000000077ae00000, 0x000000077d700000, 0x0000000780000000)
  object space 41984K, 90% used [0x000000077ae00000,0x000000077d3232c0,0x000000077d700000)
Event: 1581.192 GC heap after
Heap after GC invocations=659 (full 547):
 PSYoungGen      total 433280K, used 215456K [0x00000007d5560000, 0x0000000800000000, 0x0000000800000000)
  eden space 258816K, 83% used [0x00000007d5560000,0x00000007e27c8230,0x00000007e5220000)
  from space 174464K, 0% used [0x00000007f55a0000,0x00000007f55a0000,0x0000000800000000)
  to   space 220096K, 0% used [0x00000007e5220000,0x00000007e5220000,0x00000007f2910000)
 ParOldGen       total 1398144K, used 1398125K [0x0000000780000000, 0x00000007d5560000, 0x00000007d5560000)
  object space 1398144K, 99% used [0x0000000780000000,0x00000007d555b520,0x00000007d5560000)
 PSPermGen       total 41984K, used 38028K [0x000000077ae00000, 0x000000077d700000, 0x0000000780000000)
  object space 41984K, 90% used [0x000000077ae00000,0x000000077d3232c0,0x000000077d700000)
}
Event: 1581.640 GC heap before
{Heap before GC invocations=660 (full 548):
 PSYoungGen      total 433280K, used 258816K [0x00000007d5560000, 0x0000000800000000, 0x0000000800000000)
  eden space 258816K, 100% used [0x00000007d5560000,0x00000007e5220000,0x00000007e5220000)
  from space 174464K, 0% used [0x00000007f55a0000,0x00000007f55a0000,0x0000000800000000)
  to   space 220096K, 0% used [0x00000007e5220000,0x00000007e5220000,0x00000007f2910000)
 ParOldGen       total 1398144K, used 1398125K [0x0000000780000000, 0x00000007d5560000, 0x00000007d5560000)
  object space 1398144K, 99% used [0x0000000780000000,0x00000007d555b520,0x00000007d5560000)
 PSPermGen       total 41984K, used 38028K [0x000000077ae00000, 0x000000077d700000, 0x0000000780000000)
  object space 41984K, 90% used [0x000000077ae00000,0x000000077d3232c0,0x000000077d700000)
Event: 1584.743 GC heap after
Heap after GC invocations=660 (full 548):
 PSYoungGen      total 433280K, used 221412K [0x00000007d5560000, 0x0000000800000000, 0x0000000800000000)
  eden space 258816K, 85% used [0x00000007d5560000,0x00000007e2d99390,0x00000007e5220000)
  from space 174464K, 0% used [0x00000007f55a0000,0x00000007f55a0000,0x0000000800000000)
  to   space 220096K, 0% used [0x00000007e5220000,0x00000007e5220000,0x00000007f2910000)
 ParOldGen       total 1398144K, used 1398140K [0x0000000780000000, 0x00000007d5560000, 0x00000007d5560000)
  object space 1398144K, 99% used [0x0000000780000000,0x00000007d555f3f0,0x00000007d5560000)
 PSPermGen       total 41920K, used 38028K [0x000000077ae00000, 0x000000077d6f0000, 0x0000000780000000)
  object space 41920K, 90% used [0x000000077ae00000,0x000000077d3232c0,0x000000077d6f0000)
}
Event: 1585.073 GC heap before
{Heap before GC invocations=661 (full 549):
 PSYoungGen      total 433280K, used 258816K [0x00000007d5560000, 0x0000000800000000, 0x0000000800000000)
  eden space 258816K, 100% used [0x00000007d5560000,0x00000007e5220000,0x00000007e5220000)
  from space 174464K, 0% used [0x00000007f55a0000,0x00000007f55a0000,0x0000000800000000)
  to   space 220096K, 0% used [0x00000007e5220000,0x00000007e5220000,0x00000007f2910000)
 ParOldGen       total 1398144K, used 1398140K [0x0000000780000000, 0x00000007d5560000, 0x00000007d5560000)
  object space 1398144K, 99% used [0x0000000780000000,0x00000007d555f3f0,0x00000007d5560000)
 PSPermGen       total 41920K, used 38929K [0x000000077ae00000, 0x000000077d6f0000, 0x0000000780000000)
  object space 41920K, 92% used [0x000000077ae00000,0x000000077d404590,0x000000077d6f0000)
Event: 1587.352 GC heap after
Heap after GC invocations=661 (full 549):
 PSYoungGen      total 433280K, used 204993K [0x00000007d5560000, 0x0000000800000000, 0x0000000800000000)
  eden space 258816K, 79% used [0x00000007d5560000,0x00000007e1d90420,0x00000007e5220000)
  from space 174464K, 0% used [0x00000007f55a0000,0x00000007f55a0000,0x0000000800000000)
  to   space 220096K, 0% used [0x00000007e5220000,0x00000007e5220000,0x00000007f2910000)
 ParOldGen       total 1398144K, used 1398141K [0x0000000780000000, 0x00000007d5560000, 0x00000007d5560000)
  object space 1398144K, 99% used [0x0000000780000000,0x00000007d555f720,0x00000007d5560000)
 PSPermGen       total 41792K, used 38306K [0x000000077ae00000, 0x000000077d6d0000, 0x0000000780000000)
  object space 41792K, 91% used [0x000000077ae00000,0x000000077d368bd0,0x000000077d6d0000)
}

