# JRE version: 7.0_09-b05
# Java VM: Java HotSpot(TM) 64-Bit Server VM (23.5-b02 mixed mode bsd-amd64 compressed oops)
Heap
 PSYoungGen      total 305856K, used 65273K [0x00000007c0000000, 0x00000007d5550000, 0x0000000800000000)
  eden space 262208K, 19% used [0x00000007c0000000,0x00000007c317d068,0x00000007d0010000)
  from space 43648K, 33% used [0x00000007d2ab0000,0x00000007d38f1528,0x00000007d5550000)
  to   space 43648K, 0% used [0x00000007d0010000,0x00000007d0010000,0x00000007d2ab0000)
 ParOldGen       total 699072K, used 16K [0x0000000740000000, 0x000000076aab0000, 0x00000007c0000000)
  object space 699072K, 0% used [0x0000000740000000,0x0000000740004000,0x000000076aab0000)
 PSPermGen       total 21248K, used 19469K [0x000000073ae00000, 0x000000073c2c0000, 0x0000000740000000)
  object space 21248K, 91% used [0x000000073ae00000,0x000000073c1035e0,0x000000073c2c0000)
GC Heap History (4 events):
Event: 3.982 GC heap before
{Heap before GC invocations=1 (full 0):
 PSYoungGen      total 305856K, used 262208K [0x00000007c0000000, 0x00000007d5550000, 0x0000000800000000)
  eden space 262208K, 100% used [0x00000007c0000000,0x00000007d0010000,0x00000007d0010000)
  from space 43648K, 0% used [0x00000007d2ab0000,0x00000007d2ab0000,0x00000007d5550000)
  to   space 43648K, 0% used [0x00000007d0010000,0x00000007d0010000,0x00000007d2ab0000)
 ParOldGen       total 699072K, used 0K [0x0000000740000000, 0x000000076aab0000, 0x00000007c0000000)
  object space 699072K, 0% used [0x0000000740000000,0x0000000740000000,0x000000076aab0000)
 PSPermGen       total 21248K, used 13165K [0x000000073ae00000, 0x000000073c2c0000, 0x0000000740000000)
  object space 21248K, 61% used [0x000000073ae00000,0x000000073badb6c0,0x000000073c2c0000)
Event: 4.008 GC heap after
Heap after GC invocations=1 (full 0):
 PSYoungGen      total 305856K, used 12991K [0x00000007c0000000, 0x00000007d5550000, 0x0000000800000000)
  eden space 262208K, 0% used [0x00000007c0000000,0x00000007c0000000,0x00000007d0010000)
  from space 43648K, 29% used [0x00000007d0010000,0x00000007d0cbfd20,0x00000007d2ab0000)
  to   space 43648K, 0% used [0x00000007d2ab0000,0x00000007d2ab0000,0x00000007d5550000)
 ParOldGen       total 699072K, used 8K [0x0000000740000000, 0x000000076aab0000, 0x00000007c0000000)
  object space 699072K, 0% used [0x0000000740000000,0x0000000740002000,0x000000076aab0000)
 PSPermGen       total 21248K, used 13165K [0x000000073ae00000, 0x000000073c2c0000, 0x0000000740000000)
  object space 21248K, 61% used [0x000000073ae00000,0x000000073badb6c0,0x000000073c2c0000)
}
Event: 6.920 GC heap before
{Heap before GC invocations=2 (full 0):
 PSYoungGen      total 305856K, used 275199K [0x00000007c0000000, 0x00000007d5550000, 0x0000000800000000)
  eden space 262208K, 100% used [0x00000007c0000000,0x00000007d0010000,0x00000007d0010000)
  from space 43648K, 29% used [0x00000007d0010000,0x00000007d0cbfd20,0x00000007d2ab0000)
  to   space 43648K, 0% used [0x00000007d2ab0000,0x00000007d2ab0000,0x00000007d5550000)
 ParOldGen       total 699072K, used 8K [0x0000000740000000, 0x000000076aab0000, 0x00000007c0000000)
  object space 699072K, 0% used [0x0000000740000000,0x0000000740002000,0x000000076aab0000)
 PSPermGen       total 21248K, used 18715K [0x000000073ae00000, 0x000000073c2c0000, 0x0000000740000000)
  object space 21248K, 88% used [0x000000073ae00000,0x000000073c046e38,0x000000073c2c0000)
Event: 6.945 GC heap after
Heap after GC invocations=2 (full 0):
 PSYoungGen      total 305856K, used 14597K [0x00000007c0000000, 0x00000007d5550000, 0x0000000800000000)
  eden space 262208K, 0% used [0x00000007c0000000,0x00000007c0000000,0x00000007d0010000)
  from space 43648K, 33% used [0x00000007d2ab0000,0x00000007d38f1528,0x00000007d5550000)
  to   space 43648K, 0% used [0x00000007d0010000,0x00000007d0010000,0x00000007d2ab0000)
 ParOldGen       total 699072K, used 16K [0x0000000740000000, 0x000000076aab0000, 0x00000007c0000000)
  object space 699072K, 0% used [0x0000000740000000,0x0000000740004000,0x000000076aab0000)
 PSPermGen       total 21248K, used 18715K [0x000000073ae00000, 0x000000073c2c0000, 0x0000000740000000)
  object space 21248K, 88% used [0x000000073ae00000,0x000000073c046e38,0x000000073c2c0000)
}

